Request: POST /api/v1/tasks/1/assign/
Response: 400 (0.00s)
Request: POST /api/v1/tasks/create/
Response: 400 (0.00s)
Request: POST /api/v1/tasks/create/
Response: 400 (0.00s)
Request: POST /api/v1/tasks/create/
Response: 400 (0.00s)
Request: GET /api/v1/tasks/create/
Response: 401 (0.00s)
Request: GET /api/v1/users/1/tasks/
Response: 401 (0.00s)
Request: POST /api/v1/tasks/1/assign/
Response: 200 (0.00s)
Request: POST /api/v1/tasks/create/
Response: 201 (0.00s)
Request: GET /api/v1/users/1/tasks/
Response: 200 (0.00s)
Request: POST /api/v1/auth/login/
Response: 200 (0.23s)
Request: POST /api/v1/auth/login/
Response: 401 (0.22s)
Request: POST /api/v1/auth/login/
Response: 401 (0.22s)
Request: POST /api/v1/auth/register/
Response: 400 (0.00s)
Request: POST /api/v1/auth/register/
Response: 400 (0.00s)
Request: POST /api/v1/auth/register/
Response: 400 (0.00s)
Request: POST /api/v1/auth/register/
Response: 201 (0.69s)
Request: POST /api/v1/tasks/1/assign/
Request: POST /api/v1/tasks/1/assign/
Response: 400 (0.00s)
Response: 400 (0.00s)
Request: POST /api/v1/tasks/create/
Request: POST /api/v1/tasks/create/
Response: 400 (0.00s)
Response: 400 (0.00s)
Request: POST /api/v1/tasks/create/
Request: POST /api/v1/tasks/create/
Response: 400 (0.00s)
Response: 400 (0.00s)
Request: POST /api/v1/tasks/create/
Request: POST /api/v1/tasks/create/
Response: 400 (0.00s)
Response: 400 (0.00s)
Request: GET /api/v1/tasks/create/
Request: GET /api/v1/tasks/create/
Response: 401 (0.00s)
Response: 401 (0.00s)
Request: GET /api/v1/users/1/tasks/
Request: GET /api/v1/users/1/tasks/
Response: 401 (0.00s)
Response: 401 (0.00s)
Request: POST /api/v1/tasks/1/assign/
Request: POST /api/v1/tasks/1/assign/
Response: 200 (0.00s)
Response: 200 (0.00s)
Request: POST /api/v1/tasks/create/
Request: POST /api/v1/tasks/create/
Response: 201 (0.00s)
Response: 201 (0.00s)
Request: GET /api/v1/users/1/tasks/
Request: GET /api/v1/users/1/tasks/
Response: 200 (0.00s)
Response: 200 (0.00s)
Request: POST /api/v1/auth/login/
Request: POST /api/v1/auth/login/
Response: 200 (0.23s)
Response: 200 (0.23s)
Request: POST /api/v1/auth/login/
Request: POST /api/v1/auth/login/
Response: 401 (0.25s)
Response: 401 (0.25s)
Request: POST /api/v1/auth/login/
Request: POST /api/v1/auth/login/
Response: 401 (0.18s)
Response: 401 (0.18s)
Request: POST /api/v1/auth/register/
Request: POST /api/v1/auth/register/
Response: 400 (0.00s)
Response: 400 (0.00s)
Request: POST /api/v1/auth/register/
Request: POST /api/v1/auth/register/
Response: 400 (0.00s)
Response: 400 (0.00s)
Request: POST /api/v1/auth/register/
Request: POST /api/v1/auth/register/
Response: 400 (0.00s)
Response: 400 (0.00s)
Request: POST /api/v1/auth/register/
Request: POST /api/v1/auth/register/
Response: 201 (0.64s)
Response: 201 (0.64s)
